<?xml version="1.0" encoding="UTF-8"?>
<!-- Generated by org.testng.reporters.JUnitReportReporter -->
<testsuite skipped="0" hostname="38f9d362894e.ant.amazon.com" name="ExtentReportDemo.ExtentReports.DemoTest" tests="1" failures="0" timestamp="2021-08-27T17:24:41 PDT" time="7.309" errors="0">
  <testcase name="initialDemo" time="7.309" classname="ExtentReportDemo.ExtentReports.DemoTest"/>
  <system-out/>
</testsuite> <!-- ExtentReportDemo.ExtentReports.DemoTest -->
